0 info it worked if it ends with ok
1 verbose cli [ '/usr/bin/node', '/usr/bin/npm', 'install' ]
2 info using npm@2.15.11
3 info using node@v4.9.1
4 verbose readDependencies loading dependencies from /home/ammc/seq/package.json
5 warn package.json seq@1.0.0 No repository field.
6 warn package.json seq@1.0.0 No README data
7 verbose install where, deps [ '/home/ammc/seq',
7 verbose install   [ 'body-parser',
7 verbose install     'express',
7 verbose install     'morgan',
7 verbose install     'pg',
7 verbose install     'pg-hstore',
7 verbose install     'sequelize',
7 verbose install     'nodemon' ] ]
8 verbose install where, peers [ '/home/ammc/seq', [] ]
9 verbose installManyTop reading for lifecycle /home/ammc/seq/package.json
10 info preinstall seq@1.0.0
11 verbose readDependencies loading dependencies from /home/ammc/seq/package.json
12 silly cache add args [ 'body-parser@^1.18.3', null ]
13 verbose cache add spec body-parser@^1.18.3
14 silly cache add args [ 'express@^4.16.3', null ]
15 verbose cache add spec express@^4.16.3
16 silly cache add parsed spec Result {
16 silly cache add   raw: 'body-parser@^1.18.3',
16 silly cache add   scope: null,
16 silly cache add   name: 'body-parser',
16 silly cache add   rawSpec: '^1.18.3',
16 silly cache add   spec: '>=1.18.3 <2.0.0',
16 silly cache add   type: 'range' }
17 silly addNamed body-parser@>=1.18.3 <2.0.0
18 verbose addNamed ">=1.18.3 <2.0.0" is a valid semver range for body-parser
19 silly addNameRange { name: 'body-parser', range: '>=1.18.3 <2.0.0', hasData: false }
20 silly mapToRegistry name body-parser
21 silly mapToRegistry using default registry
22 silly mapToRegistry registry https://registry.npmjs.org/
23 silly mapToRegistry data Result {
23 silly mapToRegistry   raw: 'body-parser',
23 silly mapToRegistry   scope: null,
23 silly mapToRegistry   name: 'body-parser',
23 silly mapToRegistry   rawSpec: '',
23 silly mapToRegistry   spec: 'latest',
23 silly mapToRegistry   type: 'tag' }
24 silly mapToRegistry uri https://registry.npmjs.org/body-parser
25 verbose addNameRange registry:https://registry.npmjs.org/body-parser not in flight; fetching
26 silly cache add parsed spec Result {
26 silly cache add   raw: 'express@^4.16.3',
26 silly cache add   scope: null,
26 silly cache add   name: 'express',
26 silly cache add   rawSpec: '^4.16.3',
26 silly cache add   spec: '>=4.16.3 <5.0.0',
26 silly cache add   type: 'range' }
27 silly addNamed express@>=4.16.3 <5.0.0
28 verbose addNamed ">=4.16.3 <5.0.0" is a valid semver range for express
29 silly addNameRange { name: 'express', range: '>=4.16.3 <5.0.0', hasData: false }
30 silly mapToRegistry name express
31 silly mapToRegistry using default registry
32 silly mapToRegistry registry https://registry.npmjs.org/
33 silly mapToRegistry data Result {
33 silly mapToRegistry   raw: 'express',
33 silly mapToRegistry   scope: null,
33 silly mapToRegistry   name: 'express',
33 silly mapToRegistry   rawSpec: '',
33 silly mapToRegistry   spec: 'latest',
33 silly mapToRegistry   type: 'tag' }
34 silly mapToRegistry uri https://registry.npmjs.org/express
35 verbose addNameRange registry:https://registry.npmjs.org/express not in flight; fetching
36 silly cache add args [ 'morgan@^1.9.0', null ]
37 verbose cache add spec morgan@^1.9.0
38 silly cache add parsed spec Result {
38 silly cache add   raw: 'morgan@^1.9.0',
38 silly cache add   scope: null,
38 silly cache add   name: 'morgan',
38 silly cache add   rawSpec: '^1.9.0',
38 silly cache add   spec: '>=1.9.0 <2.0.0',
38 silly cache add   type: 'range' }
39 silly addNamed morgan@>=1.9.0 <2.0.0
40 verbose addNamed ">=1.9.0 <2.0.0" is a valid semver range for morgan
41 silly addNameRange { name: 'morgan', range: '>=1.9.0 <2.0.0', hasData: false }
42 silly mapToRegistry name morgan
43 silly mapToRegistry using default registry
44 silly mapToRegistry registry https://registry.npmjs.org/
45 silly mapToRegistry data Result {
45 silly mapToRegistry   raw: 'morgan',
45 silly mapToRegistry   scope: null,
45 silly mapToRegistry   name: 'morgan',
45 silly mapToRegistry   rawSpec: '',
45 silly mapToRegistry   spec: 'latest',
45 silly mapToRegistry   type: 'tag' }
46 silly mapToRegistry uri https://registry.npmjs.org/morgan
47 verbose addNameRange registry:https://registry.npmjs.org/morgan not in flight; fetching
48 silly cache add args [ 'pg@6.3.4', null ]
49 verbose cache add spec pg@6.3.4
50 silly cache add parsed spec Result {
50 silly cache add   raw: 'pg@6.3.4',
50 silly cache add   scope: null,
50 silly cache add   name: 'pg',
50 silly cache add   rawSpec: '6.3.4',
50 silly cache add   spec: '6.3.4',
50 silly cache add   type: 'version' }
51 silly addNamed pg@6.3.4
52 verbose addNamed "6.3.4" is a plain semver version for pg
53 silly mapToRegistry name pg
54 silly mapToRegistry using default registry
55 silly mapToRegistry registry https://registry.npmjs.org/
56 silly mapToRegistry data Result {
56 silly mapToRegistry   raw: 'pg',
56 silly mapToRegistry   scope: null,
56 silly mapToRegistry   name: 'pg',
56 silly mapToRegistry   rawSpec: '',
56 silly mapToRegistry   spec: 'latest',
56 silly mapToRegistry   type: 'tag' }
57 silly mapToRegistry uri https://registry.npmjs.org/pg
58 verbose addNameVersion registry:https://registry.npmjs.org/pg not in flight; fetching
59 silly cache add args [ 'pg-hstore@^2.3.2', null ]
60 verbose cache add spec pg-hstore@^2.3.2
61 silly cache add parsed spec Result {
61 silly cache add   raw: 'pg-hstore@^2.3.2',
61 silly cache add   scope: null,
61 silly cache add   name: 'pg-hstore',
61 silly cache add   rawSpec: '^2.3.2',
61 silly cache add   spec: '>=2.3.2 <3.0.0',
61 silly cache add   type: 'range' }
62 silly addNamed pg-hstore@>=2.3.2 <3.0.0
63 verbose addNamed ">=2.3.2 <3.0.0" is a valid semver range for pg-hstore
64 silly addNameRange { name: 'pg-hstore', range: '>=2.3.2 <3.0.0', hasData: false }
65 silly mapToRegistry name pg-hstore
66 silly mapToRegistry using default registry
67 silly mapToRegistry registry https://registry.npmjs.org/
68 silly mapToRegistry data Result {
68 silly mapToRegistry   raw: 'pg-hstore',
68 silly mapToRegistry   scope: null,
68 silly mapToRegistry   name: 'pg-hstore',
68 silly mapToRegistry   rawSpec: '',
68 silly mapToRegistry   spec: 'latest',
68 silly mapToRegistry   type: 'tag' }
69 silly mapToRegistry uri https://registry.npmjs.org/pg-hstore
70 verbose addNameRange registry:https://registry.npmjs.org/pg-hstore not in flight; fetching
71 silly cache add args [ 'sequelize@^4.37.10', null ]
72 verbose cache add spec sequelize@^4.37.10
73 silly cache add parsed spec Result {
73 silly cache add   raw: 'sequelize@^4.37.10',
73 silly cache add   scope: null,
73 silly cache add   name: 'sequelize',
73 silly cache add   rawSpec: '^4.37.10',
73 silly cache add   spec: '>=4.37.10 <5.0.0',
73 silly cache add   type: 'range' }
74 silly addNamed sequelize@>=4.37.10 <5.0.0
75 verbose addNamed ">=4.37.10 <5.0.0" is a valid semver range for sequelize
76 silly addNameRange { name: 'sequelize', range: '>=4.37.10 <5.0.0', hasData: false }
77 silly mapToRegistry name sequelize
78 silly mapToRegistry using default registry
79 silly mapToRegistry registry https://registry.npmjs.org/
80 silly mapToRegistry data Result {
80 silly mapToRegistry   raw: 'sequelize',
80 silly mapToRegistry   scope: null,
80 silly mapToRegistry   name: 'sequelize',
80 silly mapToRegistry   rawSpec: '',
80 silly mapToRegistry   spec: 'latest',
80 silly mapToRegistry   type: 'tag' }
81 silly mapToRegistry uri https://registry.npmjs.org/sequelize
82 verbose addNameRange registry:https://registry.npmjs.org/sequelize not in flight; fetching
83 silly cache add args [ 'nodemon@^1.17.5', null ]
84 verbose cache add spec nodemon@^1.17.5
85 silly cache add parsed spec Result {
85 silly cache add   raw: 'nodemon@^1.17.5',
85 silly cache add   scope: null,
85 silly cache add   name: 'nodemon',
85 silly cache add   rawSpec: '^1.17.5',
85 silly cache add   spec: '>=1.17.5 <2.0.0',
85 silly cache add   type: 'range' }
86 silly addNamed nodemon@>=1.17.5 <2.0.0
87 verbose addNamed ">=1.17.5 <2.0.0" is a valid semver range for nodemon
88 silly addNameRange { name: 'nodemon', range: '>=1.17.5 <2.0.0', hasData: false }
89 silly mapToRegistry name nodemon
90 silly mapToRegistry using default registry
91 silly mapToRegistry registry https://registry.npmjs.org/
92 silly mapToRegistry data Result {
92 silly mapToRegistry   raw: 'nodemon',
92 silly mapToRegistry   scope: null,
92 silly mapToRegistry   name: 'nodemon',
92 silly mapToRegistry   rawSpec: '',
92 silly mapToRegistry   spec: 'latest',
92 silly mapToRegistry   type: 'tag' }
93 silly mapToRegistry uri https://registry.npmjs.org/nodemon
94 verbose addNameRange registry:https://registry.npmjs.org/nodemon not in flight; fetching
95 verbose request uri https://registry.npmjs.org/body-parser
96 verbose request no auth needed
97 info attempt registry request try #1 at 10:26:09 PM
98 verbose request id 03e65cfe1bd937f8
99 verbose etag W/"0c30737fdb784def06c8d90e97cde7e0"
100 verbose lastModified Sat, 26 May 2018 18:42:21 GMT
101 http request GET https://registry.npmjs.org/body-parser
102 verbose request uri https://registry.npmjs.org/express
103 verbose request no auth needed
104 info attempt registry request try #1 at 10:26:09 PM
105 verbose etag W/"e6503c8c1e99ebf156ea4c24d986347e"
106 verbose lastModified Sun, 27 May 2018 00:12:56 GMT
107 http request GET https://registry.npmjs.org/express
108 verbose request uri https://registry.npmjs.org/morgan
109 verbose request no auth needed
110 info attempt registry request try #1 at 10:26:09 PM
111 verbose etag W/"d612630729a0c21c462406dcfe2b1d8a"
112 verbose lastModified Sun, 27 May 2018 08:36:00 GMT
113 http request GET https://registry.npmjs.org/morgan
114 verbose request uri https://registry.npmjs.org/pg
115 verbose request no auth needed
116 info attempt registry request try #1 at 10:26:09 PM
117 verbose etag W/"7fc9236b1fadd86a9cdffc6f06e27d5b"
118 verbose lastModified Sun, 27 May 2018 12:10:15 GMT
119 http request GET https://registry.npmjs.org/pg
120 verbose request uri https://registry.npmjs.org/pg-hstore
121 verbose request no auth needed
122 info attempt registry request try #1 at 10:26:09 PM
123 verbose etag W/"943cbd0786c1457e0831761d0141b1e1"
124 verbose lastModified Sun, 27 May 2018 12:09:33 GMT
125 http request GET https://registry.npmjs.org/pg-hstore
126 verbose request uri https://registry.npmjs.org/sequelize
127 verbose request no auth needed
128 info attempt registry request try #1 at 10:26:09 PM
129 verbose etag W/"be57c150f0701d4b35290bed9203820d"
130 verbose lastModified Mon, 28 May 2018 04:36:41 GMT
131 http request GET https://registry.npmjs.org/sequelize
132 verbose request uri https://registry.npmjs.org/nodemon
133 verbose request no auth needed
134 info attempt registry request try #1 at 10:26:09 PM
135 verbose etag W/"e88aced1d8c10066c37e271e75d48c5d"
136 verbose lastModified Sun, 27 May 2018 10:28:17 GMT
137 http request GET https://registry.npmjs.org/nodemon
138 http 304 https://registry.npmjs.org/body-parser
139 verbose headers { date: 'Mon, 04 Jun 2018 02:27:48 GMT',
139 verbose headers   connection: 'keep-alive',
139 verbose headers   'set-cookie': [ '__cfduid=d70b94a0733dbdc6fe0a01b17bbb7c3551528079268; expires=Tue, 04-Jun-19 02:27:48 GMT; path=/; domain=.registry.npmjs.org; HttpOnly' ],
139 verbose headers   'cache-control': 'max-age=300',
139 verbose headers   'cf-cache-status': 'HIT',
139 verbose headers   'cf-ray': '4256f661c99d9306-SJC',
139 verbose headers   etag: '"0c30737fdb784def06c8d90e97cde7e0"',
139 verbose headers   'expect-ct': 'max-age=604800, report-uri="https://report-uri.cloudflare.com/cdn-cgi/beacon/expect-ct"',
139 verbose headers   'last-modified': 'Sat, 26 May 2018 18:42:21 GMT',
139 verbose headers   vary: 'accept-encoding, accept',
139 verbose headers   server: 'cloudflare' }
140 silly get cb [ 304,
140 silly get   { date: 'Mon, 04 Jun 2018 02:27:48 GMT',
140 silly get     connection: 'keep-alive',
140 silly get     'set-cookie': [ '__cfduid=d70b94a0733dbdc6fe0a01b17bbb7c3551528079268; expires=Tue, 04-Jun-19 02:27:48 GMT; path=/; domain=.registry.npmjs.org; HttpOnly' ],
140 silly get     'cache-control': 'max-age=300',
140 silly get     'cf-cache-status': 'HIT',
140 silly get     'cf-ray': '4256f661c99d9306-SJC',
140 silly get     etag: '"0c30737fdb784def06c8d90e97cde7e0"',
140 silly get     'expect-ct': 'max-age=604800, report-uri="https://report-uri.cloudflare.com/cdn-cgi/beacon/expect-ct"',
140 silly get     'last-modified': 'Sat, 26 May 2018 18:42:21 GMT',
140 silly get     vary: 'accept-encoding, accept',
140 silly get     server: 'cloudflare' } ]
141 verbose etag https://registry.npmjs.org/body-parser from cache
142 verbose get saving body-parser to /home/ammc/.npm/registry.npmjs.org/body-parser/.cache.json
143 verbose correctMkdir /home/ammc/.npm correctMkdir not in flight; initializing
144 http 304 https://registry.npmjs.org/pg
145 verbose headers { date: 'Mon, 04 Jun 2018 02:27:48 GMT',
145 verbose headers   connection: 'keep-alive',
145 verbose headers   'set-cookie': [ '__cfduid=d0f7f1bb02337dbe9fe8562753520b91c1528079268; expires=Tue, 04-Jun-19 02:27:48 GMT; path=/; domain=.registry.npmjs.org; HttpOnly' ],
145 verbose headers   'cache-control': 'max-age=300',
145 verbose headers   'cf-cache-status': 'HIT',
145 verbose headers   'cf-ray': '4256f661da696dae-SJC',
145 verbose headers   etag: '"7fc9236b1fadd86a9cdffc6f06e27d5b"',
145 verbose headers   'expect-ct': 'max-age=604800, report-uri="https://report-uri.cloudflare.com/cdn-cgi/beacon/expect-ct"',
145 verbose headers   'last-modified': 'Sun, 27 May 2018 12:10:15 GMT',
145 verbose headers   vary: 'accept-encoding, accept',
145 verbose headers   server: 'cloudflare' }
146 silly get cb [ 304,
146 silly get   { date: 'Mon, 04 Jun 2018 02:27:48 GMT',
146 silly get     connection: 'keep-alive',
146 silly get     'set-cookie': [ '__cfduid=d0f7f1bb02337dbe9fe8562753520b91c1528079268; expires=Tue, 04-Jun-19 02:27:48 GMT; path=/; domain=.registry.npmjs.org; HttpOnly' ],
146 silly get     'cache-control': 'max-age=300',
146 silly get     'cf-cache-status': 'HIT',
146 silly get     'cf-ray': '4256f661da696dae-SJC',
146 silly get     etag: '"7fc9236b1fadd86a9cdffc6f06e27d5b"',
146 silly get     'expect-ct': 'max-age=604800, report-uri="https://report-uri.cloudflare.com/cdn-cgi/beacon/expect-ct"',
146 silly get     'last-modified': 'Sun, 27 May 2018 12:10:15 GMT',
146 silly get     vary: 'accept-encoding, accept',
146 silly get     server: 'cloudflare' } ]
147 verbose etag https://registry.npmjs.org/pg from cache
148 verbose get saving pg to /home/ammc/.npm/registry.npmjs.org/pg/.cache.json
149 verbose correctMkdir /home/ammc/.npm correctMkdir already in flight; waiting
150 http 304 https://registry.npmjs.org/sequelize
151 verbose headers { date: 'Mon, 04 Jun 2018 02:27:48 GMT',
151 verbose headers   connection: 'keep-alive',
151 verbose headers   'set-cookie': [ '__cfduid=db6810f4c5f06a839e4222eb306e9f5e91528079268; expires=Tue, 04-Jun-19 02:27:48 GMT; path=/; domain=.registry.npmjs.org; HttpOnly' ],
151 verbose headers   'cache-control': 'max-age=300',
151 verbose headers   'cf-cache-status': 'HIT',
151 verbose headers   'cf-ray': '4256f661ebb392a6-SJC',
151 verbose headers   etag: '"be57c150f0701d4b35290bed9203820d"',
151 verbose headers   'expect-ct': 'max-age=604800, report-uri="https://report-uri.cloudflare.com/cdn-cgi/beacon/expect-ct"',
151 verbose headers   'last-modified': 'Mon, 28 May 2018 04:36:41 GMT',
151 verbose headers   vary: 'accept-encoding, accept',
151 verbose headers   server: 'cloudflare' }
152 silly get cb [ 304,
152 silly get   { date: 'Mon, 04 Jun 2018 02:27:48 GMT',
152 silly get     connection: 'keep-alive',
152 silly get     'set-cookie': [ '__cfduid=db6810f4c5f06a839e4222eb306e9f5e91528079268; expires=Tue, 04-Jun-19 02:27:48 GMT; path=/; domain=.registry.npmjs.org; HttpOnly' ],
152 silly get     'cache-control': 'max-age=300',
152 silly get     'cf-cache-status': 'HIT',
152 silly get     'cf-ray': '4256f661ebb392a6-SJC',
152 silly get     etag: '"be57c150f0701d4b35290bed9203820d"',
152 silly get     'expect-ct': 'max-age=604800, report-uri="https://report-uri.cloudflare.com/cdn-cgi/beacon/expect-ct"',
152 silly get     'last-modified': 'Mon, 28 May 2018 04:36:41 GMT',
152 silly get     vary: 'accept-encoding, accept',
152 silly get     server: 'cloudflare' } ]
153 verbose etag https://registry.npmjs.org/sequelize from cache
154 verbose get saving sequelize to /home/ammc/.npm/registry.npmjs.org/sequelize/.cache.json
155 verbose correctMkdir /home/ammc/.npm correctMkdir not in flight; initializing
156 http 304 https://registry.npmjs.org/morgan
157 verbose headers { date: 'Mon, 04 Jun 2018 02:27:48 GMT',
157 verbose headers   connection: 'keep-alive',
157 verbose headers   'set-cookie': [ '__cfduid=db6810f4c5f06a839e4222eb306e9f5e91528079268; expires=Tue, 04-Jun-19 02:27:48 GMT; path=/; domain=.registry.npmjs.org; HttpOnly' ],
157 verbose headers   'cache-control': 'max-age=300',
157 verbose headers   'cf-cache-status': 'HIT',
157 verbose headers   'cf-ray': '4256f6620bca92a6-SJC',
157 verbose headers   etag: '"d612630729a0c21c462406dcfe2b1d8a"',
157 verbose headers   'expect-ct': 'max-age=604800, report-uri="https://report-uri.cloudflare.com/cdn-cgi/beacon/expect-ct"',
157 verbose headers   'last-modified': 'Sun, 27 May 2018 08:36:00 GMT',
157 verbose headers   vary: 'accept-encoding, accept',
157 verbose headers   server: 'cloudflare' }
158 silly get cb [ 304,
158 silly get   { date: 'Mon, 04 Jun 2018 02:27:48 GMT',
158 silly get     connection: 'keep-alive',
158 silly get     'set-cookie': [ '__cfduid=db6810f4c5f06a839e4222eb306e9f5e91528079268; expires=Tue, 04-Jun-19 02:27:48 GMT; path=/; domain=.registry.npmjs.org; HttpOnly' ],
158 silly get     'cache-control': 'max-age=300',
158 silly get     'cf-cache-status': 'HIT',
158 silly get     'cf-ray': '4256f6620bca92a6-SJC',
158 silly get     etag: '"d612630729a0c21c462406dcfe2b1d8a"',
158 silly get     'expect-ct': 'max-age=604800, report-uri="https://report-uri.cloudflare.com/cdn-cgi/beacon/expect-ct"',
158 silly get     'last-modified': 'Sun, 27 May 2018 08:36:00 GMT',
158 silly get     vary: 'accept-encoding, accept',
158 silly get     server: 'cloudflare' } ]
159 verbose etag https://registry.npmjs.org/morgan from cache
160 verbose get saving morgan to /home/ammc/.npm/registry.npmjs.org/morgan/.cache.json
161 verbose correctMkdir /home/ammc/.npm correctMkdir not in flight; initializing
162 http 304 https://registry.npmjs.org/express
163 verbose headers { date: 'Mon, 04 Jun 2018 02:27:48 GMT',
163 verbose headers   connection: 'keep-alive',
163 verbose headers   'set-cookie': [ '__cfduid=ddf0b986a6561acee3dd4a8187c7c52551528079268; expires=Tue, 04-Jun-19 02:27:48 GMT; path=/; domain=.registry.npmjs.org; HttpOnly' ],
163 verbose headers   'cache-control': 'max-age=300',
163 verbose headers   'cf-cache-status': 'HIT',
163 verbose headers   'cf-ray': '4256f6620a706e5c-SJC',
163 verbose headers   etag: '"e6503c8c1e99ebf156ea4c24d986347e"',
163 verbose headers   'expect-ct': 'max-age=604800, report-uri="https://report-uri.cloudflare.com/cdn-cgi/beacon/expect-ct"',
163 verbose headers   'last-modified': 'Sun, 27 May 2018 00:12:56 GMT',
163 verbose headers   vary: 'accept-encoding, accept',
163 verbose headers   server: 'cloudflare' }
164 silly get cb [ 304,
164 silly get   { date: 'Mon, 04 Jun 2018 02:27:48 GMT',
164 silly get     connection: 'keep-alive',
164 silly get     'set-cookie': [ '__cfduid=ddf0b986a6561acee3dd4a8187c7c52551528079268; expires=Tue, 04-Jun-19 02:27:48 GMT; path=/; domain=.registry.npmjs.org; HttpOnly' ],
164 silly get     'cache-control': 'max-age=300',
164 silly get     'cf-cache-status': 'HIT',
164 silly get     'cf-ray': '4256f6620a706e5c-SJC',
164 silly get     etag: '"e6503c8c1e99ebf156ea4c24d986347e"',
164 silly get     'expect-ct': 'max-age=604800, report-uri="https://report-uri.cloudflare.com/cdn-cgi/beacon/expect-ct"',
164 silly get     'last-modified': 'Sun, 27 May 2018 00:12:56 GMT',
164 silly get     vary: 'accept-encoding, accept',
164 silly get     server: 'cloudflare' } ]
165 verbose etag https://registry.npmjs.org/express from cache
166 verbose get saving express to /home/ammc/.npm/registry.npmjs.org/express/.cache.json
167 verbose correctMkdir /home/ammc/.npm correctMkdir not in flight; initializing
168 http 304 https://registry.npmjs.org/pg-hstore
169 verbose headers { date: 'Mon, 04 Jun 2018 02:27:48 GMT',
169 verbose headers   connection: 'keep-alive',
169 verbose headers   'set-cookie': [ '__cfduid=de36dbb6dbfea387ccce88bccb3dae4611528079268; expires=Tue, 04-Jun-19 02:27:48 GMT; path=/; domain=.registry.npmjs.org; HttpOnly' ],
169 verbose headers   'cache-control': 'max-age=300',
169 verbose headers   'cf-cache-status': 'HIT',
169 verbose headers   'cf-ray': '4256f6621f4d6e2c-SJC',
169 verbose headers   etag: '"943cbd0786c1457e0831761d0141b1e1"',
169 verbose headers   'expect-ct': 'max-age=604800, report-uri="https://report-uri.cloudflare.com/cdn-cgi/beacon/expect-ct"',
169 verbose headers   'last-modified': 'Sun, 27 May 2018 12:09:33 GMT',
169 verbose headers   vary: 'accept-encoding, accept',
169 verbose headers   server: 'cloudflare' }
170 silly get cb [ 304,
170 silly get   { date: 'Mon, 04 Jun 2018 02:27:48 GMT',
170 silly get     connection: 'keep-alive',
170 silly get     'set-cookie': [ '__cfduid=de36dbb6dbfea387ccce88bccb3dae4611528079268; expires=Tue, 04-Jun-19 02:27:48 GMT; path=/; domain=.registry.npmjs.org; HttpOnly' ],
170 silly get     'cache-control': 'max-age=300',
170 silly get     'cf-cache-status': 'HIT',
170 silly get     'cf-ray': '4256f6621f4d6e2c-SJC',
170 silly get     etag: '"943cbd0786c1457e0831761d0141b1e1"',
170 silly get     'expect-ct': 'max-age=604800, report-uri="https://report-uri.cloudflare.com/cdn-cgi/beacon/expect-ct"',
170 silly get     'last-modified': 'Sun, 27 May 2018 12:09:33 GMT',
170 silly get     vary: 'accept-encoding, accept',
170 silly get     server: 'cloudflare' } ]
171 verbose etag https://registry.npmjs.org/pg-hstore from cache
172 verbose get saving pg-hstore to /home/ammc/.npm/registry.npmjs.org/pg-hstore/.cache.json
173 verbose correctMkdir /home/ammc/.npm correctMkdir not in flight; initializing
174 silly addNameRange number 2 { name: 'body-parser', range: '>=1.18.3 <2.0.0', hasData: true }
175 silly addNameRange versions [ 'body-parser',
175 silly addNameRange   [ '1.0.0',
175 silly addNameRange     '1.0.1',
175 silly addNameRange     '1.0.2',
175 silly addNameRange     '1.1.0',
175 silly addNameRange     '1.1.1',
175 silly addNameRange     '1.1.2',
175 silly addNameRange     '1.2.0',
175 silly addNameRange     '1.2.1',
175 silly addNameRange     '1.2.2',
175 silly addNameRange     '1.3.0',
175 silly addNameRange     '1.3.1',
175 silly addNameRange     '1.4.0',
175 silly addNameRange     '1.4.1',
175 silly addNameRange     '1.4.2',
175 silly addNameRange     '1.4.3',
175 silly addNameRange     '1.5.0',
175 silly addNameRange     '1.5.1',
175 silly addNameRange     '1.5.2',
175 silly addNameRange     '1.6.0',
175 silly addNameRange     '1.6.1',
175 silly addNameRange     '1.6.2',
175 silly addNameRange     '1.6.3',
175 silly addNameRange     '1.6.4',
175 silly addNameRange     '1.6.5',
175 silly addNameRange     '1.6.6',
175 silly addNameRange     '1.6.7',
175 silly addNameRange     '1.7.0',
175 silly addNameRange     '1.8.0',
175 silly addNameRange     '1.8.1',
175 silly addNameRange     '1.8.2',
175 silly addNameRange     '1.8.3',
175 silly addNameRange     '1.8.4',
175 silly addNameRange     '1.9.0',
175 silly addNameRange     '1.9.1',
175 silly addNameRange     '1.9.2',
175 silly addNameRange     '1.9.3',
175 silly addNameRange     '1.10.0',
175 silly addNameRange     '1.10.1',
175 silly addNameRange     '1.10.2',
175 silly addNameRange     '1.11.0',
175 silly addNameRange     '1.12.0',
175 silly addNameRange     '1.12.1',
175 silly addNameRange     '1.12.2',
175 silly addNameRange     '1.12.3',
175 silly addNameRange     '1.12.4',
175 silly addNameRange     '1.13.0',
175 silly addNameRange     '1.13.1',
175 silly addNameRange     '1.13.2',
175 silly addNameRange     '1.13.3',
175 silly addNameRange     '1.14.0',
175 silly addNameRange     '1.14.1',
175 silly addNameRange     '1.14.2',
175 silly addNameRange     '1.15.0',
175 silly addNameRange     '1.15.1',
175 silly addNameRange     '1.15.2',
175 silly addNameRange     '1.16.0',
175 silly addNameRange     '1.16.1',
175 silly addNameRange     '1.17.0',
175 silly addNameRange     '1.17.1',
175 silly addNameRange     '1.17.2',
175 silly addNameRange     '1.18.0',
175 silly addNameRange     '1.18.1',
175 silly addNameRange     '1.18.2',
175 silly addNameRange     '1.18.3' ] ]
176 silly addNamed body-parser@1.18.3
177 verbose addNamed "1.18.3" is a plain semver version for body-parser
178 silly addNameRange number 2 { name: 'sequelize', range: '>=4.37.10 <5.0.0', hasData: true }
179 silly addNameRange versions [ 'sequelize',
179 silly addNameRange   [ '0.2.2',
179 silly addNameRange     '0.2.3',
179 silly addNameRange     '0.2.4',
179 silly addNameRange     '0.2.5',
179 silly addNameRange     '0.2.6',
179 silly addNameRange     '0.3.0',
179 silly addNameRange     '0.4.0',
179 silly addNameRange     '0.4.1',
179 silly addNameRange     '0.4.2',
179 silly addNameRange     '0.4.3',
179 silly addNameRange     '1.0.0',
179 silly addNameRange     '1.0.1',
179 silly addNameRange     '1.0.2',
179 silly addNameRange     '1.1.0',
179 silly addNameRange     '1.1.1',
179 silly addNameRange     '1.1.2',
179 silly addNameRange     '1.1.3',
179 silly addNameRange     '1.1.4',
179 silly addNameRange     '1.2.0',
179 silly addNameRange     '1.2.1',
179 silly addNameRange     '1.3.0',
179 silly addNameRange     '1.3.1',
179 silly addNameRange     '1.3.2',
179 silly addNameRange     '1.3.3',
179 silly addNameRange     '1.3.4',
179 silly addNameRange     '1.3.5',
179 silly addNameRange     '1.3.6',
179 silly addNameRange     '1.3.7',
179 silly addNameRange     '1.4.0',
179 silly addNameRange     '1.4.1',
179 silly addNameRange     '1.5.0-alpha',
179 silly addNameRange     '1.5.0-beta',
179 silly addNameRange     '1.5.0-beta-2',
179 silly addNameRange     '1.5.0',
179 silly addNameRange     '1.6.0-alpha-1',
179 silly addNameRange     '1.6.0-alpha-2',
179 silly addNameRange     '1.6.0-alpha-3',
179 silly addNameRange     '1.6.0-beta-1',
179 silly addNameRange     '1.6.0-beta-2',
179 silly addNameRange     '1.6.0-beta-3',
179 silly addNameRange     '1.6.0-beta4',
179 silly addNameRange     '1.6.0',
179 silly addNameRange     '1.7.0-alpha1',
179 silly addNameRange     '1.7.0-alpha2',
179 silly addNameRange     '2.0.0-alpha1',
179 silly addNameRange     '2.0.0-alpha2',
179 silly addNameRange     '1.7.0-alpha3',
179 silly addNameRange     '2.0.0-alpha3',
179 silly addNameRange     '1.7.0-beta.0',
179 silly addNameRange     '2.0.0-beta.0',
179 silly addNameRange     '1.7.0-beta.1',
179 silly addNameRange     '2.0.0-beta.1',
179 silly addNameRange     '1.7.0-beta.2',
179 silly addNameRange     '2.0.0-beta.2',
179 silly addNameRange     '1.7.0-beta.3b',
179 silly addNameRange     '2.0.0-beta.3',
179 silly addNameRange     '1.7.0-beta.4a',
179 silly addNameRange     '2.0.0-beta.4',
179 silly addNameRange     '1.7.0-beta.5',
179 silly addNameRange     '2.0.0-beta.5',
179 silly addNameRange     '1.7.0-beta6',
179 silly addNameRange     '2.0.0-beta.6',
179 silly addNameRange     '1.7.0-beta7',
179 silly addNameRange     '2.0.0-beta.7',
179 silly addNameRange     '2.0.0-beta.8',
179 silly addNameRange     '1.7.0-beta8',
179 silly addNameRange     '1.7.0-rc1',
179 silly addNameRange     '2.0.0-dev1',
179 silly addNameRange     '1.7.0-rc2',
179 silly addNameRange     '2.0.0-dev2',
179 silly addNameRange     '1.7.0-rc3',
179 silly addNameRange     '2.0.0-dev3',
179 silly addNameRange     '1.7.0-rc4',
179 silly addNameRange     '2.0.0-dev4',
179 silly addNameRange     '2.0.0-dev5',
179 silly addNameRange     '1.7.0-rc5',
179 silly addNameRange     '1.7.0-rc6',
179 silly addNameRange     '2.0.0-dev6',
179 silly addNameRange     '2.0.0-dev7',
179 silly addNameRange     '1.7.0-rc7',
179 silly addNameRange     '2.0.0-dev8',
179 silly addNameRange     '1.7.0-rc8',
179 silly addNameRange     '1.7.0-rc9',
179 silly addNameRange     '2.0.0-dev9',
179 silly addNameRange     '2.0.0-dev10',
179 silly addNameRange     '1.7.0',
179 silly addNameRange     '1.7.1',
179 silly addNameRange     '1.7.2',
179 silly addNameRange     '1.7.3',
179 silly addNameRange     '2.0.0-dev11',
179 silly addNameRange     '1.7.4',
179 silly addNameRange     '1.7.5',
179 silly addNameRange     '1.7.7',
179 silly addNameRange     '1.7.8',
179 silly addNameRange     '1.7.9',
179 silly addNameRange     '2.0.0-dev12',
179 silly addNameRange     '1.7.10',
179 silly addNameRange     '2.0.0-dev13',
179 silly addNameRange     '2.0.0-rc1',
179 silly addNameRange     '2.0.0-rc2',
179 silly addNameRange     '2.0.0-rc3',
179 silly addNameRange     '2.0.0-rc4',
179 silly addNameRange     '2.0.0-rc5',
179 silly addNameRange     '2.0.0-rc6',
179 silly addNameRange     '2.0.0-rc7',
179 silly addNameRange     '2.0.0-rc8',
179 silly addNameRange     '2.0.0',
179 silly addNameRange     '2.0.1',
179 silly addNameRange     '2.0.2',
179 silly addNameRange     '2.0.3',
179 silly addNameRange     '2.0.4',
179 silly addNameRange     '2.0.5',
179 silly addNameRange     '2.0.6',
179 silly addNameRange     '2.1.0',
179 silly addNameRange     '2.1.1',
179 silly addNameRange     '2.1.2',
179 silly addNameRange     '2.1.3',
179 silly addNameRange     '3.0.0',
179 silly addNameRange     '3.0.1',
179 silly addNameRange     '3.1.0',
179 silly addNameRange     '3.1.1',
179 silly addNameRange     '3.2.0',
179 silly addNameRange     '1.7.11',
179 silly addNameRange     '3.3.0',
179 silly addNameRange     '3.3.1',
179 silly addNameRange     '3.3.2',
179 silly addNameRange     '3.4.0',
179 silly addNameRange     '3.4.1',
179 silly addNameRange     '3.5.0',
179 silly addNameRange     '3.5.1',
179 silly addNameRange     '3.6.0',
179 silly addNameRange     '3.7.0',
179 silly addNameRange     '3.7.1',
179 silly addNameRange     '3.8.0',
179 silly addNameRange     '3.9.0',
179 silly addNameRange     '3.10.0',
179 silly addNameRange     '3.11.0',
179 silly addNameRange     '3.12.0',
179 silly addNameRange     '3.12.1',
179 silly addNameRange     '3.12.2',
179 silly addNameRange     '3.13.0',
179 silly addNameRange     '3.14.0',
179 silly addNameRange     '3.14.1',
179 silly addNameRange     '3.14.2',
179 silly addNameRange     '3.15.0',
179 silly addNameRange     '3.15.1',
179 silly addNameRange     '3.16.0',
179 silly addNameRange     '3.17.0',
179 silly addNameRange     '3.17.1',
179 silly addNameRange     '3.17.2',
179 silly addNameRange     '3.17.3',
179 silly addNameRange     '3.18.0',
179 silly addNameRange     '3.19.0',
179 silly addNameRange     '3.19.1',
179 silly addNameRange     '3.19.2',
179 silly addNameRange     '3.19.3',
179 silly addNameRange     '3.20.0',
179 silly addNameRange     '3.21.0',
179 silly addNameRange     '3.22.0',
179 silly addNameRange     '3.23.0',
179 silly addNameRange     '3.23.1',
179 silly addNameRange     '3.23.2',
179 silly addNameRange     '3.23.3',
179 silly addNameRange     '4.0.0-0',
179 silly addNameRange     '3.23.4',
179 silly addNameRange     '3.23.5',
179 silly addNameRange     '3.23.6',
179 silly addNameRange     '3.24.0',
179 silly addNameRange     '3.24.1',
179 silly addNameRange     '4.0.0-1',
179 silly addNameRange     '3.24.2',
179 silly addNameRange     '4.0.0-2',
179 silly addNameRange     '3.24.3',
179 silly addNameRange     '3.24.4',
179 silly addNameRange     '3.24.5',
179 silly addNameRange     '3.24.6',
179 silly addNameRange     '3.24.7',
179 silly addNameRange     '3.24.8',
179 silly addNameRange     '3.25.0',
179 silly addNameRange     '3.25.1',
179 silly addNameRange     '3.26.0',
179 silly addNameRange     '3.27.0',
179 silly addNameRange     '3.28.0',
179 silly addNameRange     '3.29.0',
179 silly addNameRange     '3.30.0',
179 silly addNameRange     '3.30.1',
179 silly addNameRange     '3.30.2',
179 silly addNameRange     '3.30.3',
179 silly addNameRange     '3.30.4',
179 silly addNameRange     '4.0.0',
179 silly addNameRange     '4.1.0',
179 silly addNameRange     '4.2.0',
179 silly addNameRange     '4.2.1',
179 silly addNameRange     '4.3.0',
179 silly addNameRange     '4.3.1',
179 silly addNameRange     '4.3.2',
179 silly addNameRange     '4.4.0',
179 silly addNameRange     '4.4.1',
179 silly addNameRange     '4.4.2',
179 silly addNameRange     '4.4.3',
179 silly addNameRange     '4.4.4',
179 silly addNameRange     '4.4.5',
179 silly addNameRange     '4.4.6',
179 silly addNameRange     '4.4.7',
179 silly addNameRange     '4.4.8',
179 silly addNameRange     '4.4.9',
179 silly addNameRange     '4.4.10',
179 silly addNameRange     '4.5.0',
179 silly addNameRange     '4.6.0',
179 silly addNameRange     '4.7.0',
179 silly addNameRange     '4.7.1',
179 silly addNameRange     '4.7.2',
179 silly addNameRange     '4.7.3',
179 silly addNameRange     '4.7.4',
179 silly addNameRange     '4.7.5',
179 silly addNameRange     '4.8.0',
179 silly addNameRange     '4.8.1',
179 silly addNameRange     '4.8.2',
179 silly addNameRange     '4.8.3',
179 silly addNameRange     '4.8.4',
179 silly addNameRange     '4.9.0',
179 silly addNameRange     '4.10.0',
179 silly addNameRange     '4.10.1',
179 silly addNameRange     '4.10.2',
179 silly addNameRange     '4.10.3',
179 silly addNameRange     '4.11.0',
179 silly addNameRange     '4.11.1',
179 silly addNameRange     '4.11.2',
179 silly addNameRange     '4.11.3',
179 silly addNameRange     '4.11.4',
179 silly addNameRange     '4.11.5',
179 silly addNameRange     '4.11.6',
179 silly addNameRange     '4.11.7',
179 silly addNameRange     '4.12.0',
179 silly addNameRange     '4.13.0',
179 silly addNameRange     '4.13.1',
179 silly addNameRange     '4.13.2',
179 silly addNameRange     '4.13.3',
179 silly addNameRange     '4.13.4',
179 silly addNameRange     '4.13.5',
179 silly addNameRange     '4.13.6',
179 silly addNameRange     '4.13.7',
179 silly addNameRange     '4.13.8',
179 silly addNameRange     '4.13.9',
179 silly addNameRange     '4.13.10',
179 silly addNameRange     '4.13.11',
179 silly addNameRange     '4.13.12',
179 silly addNameRange     '4.13.13',
179 silly addNameRange     '4.13.14',
179 silly addNameRange     '4.13.15',
179 silly addNameRange     '4.13.16',
179 silly addNameRange     '4.13.17',
179 silly addNameRange     '4.14.0',
179 silly addNameRange     '4.15.0',
179 silly addNameRange     '4.15.1',
179 silly addNameRange     '4.15.2',
179 silly addNameRange     '4.16.0',
179 silly addNameRange     '4.16.1',
179 silly addNameRange     '4.16.2',
179 silly addNameRange     '4.17.0',
179 silly addNameRange     '4.17.1',
179 silly addNameRange     '4.17.2',
179 silly addNameRange     '4.18.0',
179 silly addNameRange     '4.19.0',
179 silly addNameRange     '4.20.0',
179 silly addNameRange     '4.20.1',
179 silly addNameRange     '4.20.2',
179 silly addNameRange     '4.20.3',
179 silly addNameRange     '4.21.0',
179 silly addNameRange     '4.22.0',
179 silly addNameRange     '4.22.1',
179 silly addNameRange     '4.22.2',
179 silly addNameRange     '4.22.3',
179 silly addNameRange     '4.22.4',
179 silly addNameRange     '4.22.5',
179 silly addNameRange     '4.22.6',
179 silly addNameRange     '4.22.7',
179 silly addNameRange     '4.22.8',
179 silly addNameRange     '4.22.9',
179 silly addNameRange     '4.22.10',
179 silly addNameRange     '4.22.11',
179 silly addNameRange     '4.22.12',
179 silly addNameRange     '4.22.13',
179 silly addNameRange     '4.22.14',
179 silly addNameRange     '4.22.15',
179 silly addNameRange     '4.22.16',
179 silly addNameRange     '4.23.0',
179 silly addNameRange     '4.23.1',
179 silly addNameRange     '3.31.0',
179 silly addNameRange     '4.23.2',
179 silly addNameRange     '4.23.3',
179 silly addNameRange     '4.23.4',
179 silly addNameRange     '3.31.1',
179 silly addNameRange     '4.24.0',
179 silly addNameRange     '4.25.0',
179 silly addNameRange     '4.25.1',
179 silly addNameRange     '4.25.2',
179 silly addNameRange     '4.26.0',
179 silly addNameRange     '4.27.0',
179 silly addNameRange     '4.28.0',
179 silly addNameRange     '4.28.1',
179 silly addNameRange     '4.28.2',
179 silly addNameRange     '4.28.3',
179 silly addNameRange     '4.28.4',
179 silly addNameRange     '4.28.5',
179 silly addNameRange     '4.28.6',
179 silly addNameRange     '4.28.7',
179 silly addNameRange     '4.28.8',
179 silly addNameRange     '4.29.0',
179 silly addNameRange     '4.29.1',
179 silly addNameRange     '4.29.2',
179 silly addNameRange     '4.29.3',
179 silly addNameRange     '4.30.0',
179 silly addNameRange     '4.30.1',
179 silly addNameRange     '4.30.2',
179 silly addNameRange     '4.31.0',
179 silly addNameRange     '4.31.1',
179 silly addNameRange     '4.31.2',
179 silly addNameRange     '4.32.0',
179 silly addNameRange     '4.32.1',
179 silly addNameRange     '4.32.2',
179 silly addNameRange     '4.32.3',
179 silly addNameRange     '4.32.4',
179 silly addNameRange     '4.32.5',
179 silly addNameRange     '4.32.6',
179 silly addNameRange     '4.32.7',
179 silly addNameRange     '4.33.0',
179 silly addNameRange     '4.33.1',
179 silly addNameRange     '3.31.2',
179 silly addNameRange     '4.33.2',
179 silly addNameRange     '4.33.3',
179 silly addNameRange     '4.33.4',
179 silly addNameRange     '4.34.0',
179 silly addNameRange     '4.34.1',
179 silly addNameRange     '4.35.0',
179 silly addNameRange     '4.35.1',
179 silly addNameRange     '3.32.1',
179 silly addNameRange     '4.35.2',
179 silly addNameRange     '4.35.3',
179 silly addNameRange     '4.35.4',
179 silly addNameRange     '4.35.5',
179 silly addNameRange     '0.0.0-development',
179 silly addNameRange     '5.0.0-0',
179 silly addNameRange     '4.36.0',
179 silly addNameRange     '4.36.1',
179 silly addNameRange     '4.37.0',
179 silly addNameRange     '4.37.1',
179 silly addNameRange     '4.37.2',
179 silly addNameRange     '4.37.3',
179 silly addNameRange     '4.37.4',
179 silly addNameRange     '5.0.0-beta',
179 silly addNameRange     '4.37.5',
179 silly addNameRange     '5.0.0-beta.1',
179 silly addNameRange     '4.37.6',
179 silly addNameRange     '5.0.0-beta.2',
179 silly addNameRange     '5.0.0-beta.3',
179 silly addNameRange     '5.0.0-beta.4',
179 silly addNameRange     '5.0.0-beta.5',
179 silly addNameRange     '4.37.7',
179 silly addNameRange     '3.33.0',
179 silly addNameRange     '5.0.0-beta.6',
179 silly addNameRange     '4.37.8',
179 silly addNameRange     '4.37.9',
179 silly addNameRange     '4.37.10',
179 silly addNameRange     '5.0.0-beta.7' ] ]
180 silly addNamed sequelize@4.37.10
181 verbose addNamed "4.37.10" is a plain semver version for sequelize
182 silly addNameRange number 2 { name: 'morgan', range: '>=1.9.0 <2.0.0', hasData: true }
183 silly addNameRange versions [ 'morgan',
183 silly addNameRange   [ '1.0.0',
183 silly addNameRange     '1.0.1',
183 silly addNameRange     '1.1.0',
183 silly addNameRange     '1.1.1',
183 silly addNameRange     '1.2.0',
183 silly addNameRange     '1.2.1',
183 silly addNameRange     '1.2.2',
183 silly addNameRange     '1.2.3',
183 silly addNameRange     '1.3.0',
183 silly addNameRange     '1.3.1',
183 silly addNameRange     '1.3.2',
183 silly addNameRange     '1.4.0',
183 silly addNameRange     '1.4.1',
183 silly addNameRange     '1.5.0',
183 silly addNameRange     '1.5.1',
183 silly addNameRange     '1.5.2',
183 silly addNameRange     '1.5.3',
183 silly addNameRange     '1.6.0',
183 silly addNameRange     '1.6.1',
183 silly addNameRange     '1.7.0',
183 silly addNameRange     '1.8.0',
183 silly addNameRange     '1.8.1',
183 silly addNameRange     '1.8.2',
183 silly addNameRange     '1.9.0' ] ]
184 silly addNamed morgan@1.9.0
185 verbose addNamed "1.9.0" is a plain semver version for morgan
186 http 304 https://registry.npmjs.org/nodemon
187 verbose headers { date: 'Mon, 04 Jun 2018 02:27:48 GMT',
187 verbose headers   connection: 'keep-alive',
187 verbose headers   'set-cookie': [ '__cfduid=de6ecc66244416acea2a961e8915cfa831528079268; expires=Tue, 04-Jun-19 02:27:48 GMT; path=/; domain=.registry.npmjs.org; HttpOnly' ],
187 verbose headers   'cache-control': 'max-age=300',
187 verbose headers   'cf-cache-status': 'HIT',
187 verbose headers   'cf-ray': '4256f6628b1d6da8-SJC',
187 verbose headers   etag: '"e88aced1d8c10066c37e271e75d48c5d"',
187 verbose headers   'expect-ct': 'max-age=604800, report-uri="https://report-uri.cloudflare.com/cdn-cgi/beacon/expect-ct"',
187 verbose headers   'last-modified': 'Sun, 27 May 2018 10:28:17 GMT',
187 verbose headers   vary: 'accept-encoding, accept',
187 verbose headers   server: 'cloudflare' }
188 silly get cb [ 304,
188 silly get   { date: 'Mon, 04 Jun 2018 02:27:48 GMT',
188 silly get     connection: 'keep-alive',
188 silly get     'set-cookie': [ '__cfduid=de6ecc66244416acea2a961e8915cfa831528079268; expires=Tue, 04-Jun-19 02:27:48 GMT; path=/; domain=.registry.npmjs.org; HttpOnly' ],
188 silly get     'cache-control': 'max-age=300',
188 silly get     'cf-cache-status': 'HIT',
188 silly get     'cf-ray': '4256f6628b1d6da8-SJC',
188 silly get     etag: '"e88aced1d8c10066c37e271e75d48c5d"',
188 silly get     'expect-ct': 'max-age=604800, report-uri="https://report-uri.cloudflare.com/cdn-cgi/beacon/expect-ct"',
188 silly get     'last-modified': 'Sun, 27 May 2018 10:28:17 GMT',
188 silly get     vary: 'accept-encoding, accept',
188 silly get     server: 'cloudflare' } ]
189 verbose etag https://registry.npmjs.org/nodemon from cache
190 verbose get saving nodemon to /home/ammc/.npm/registry.npmjs.org/nodemon/.cache.json
191 verbose correctMkdir /home/ammc/.npm correctMkdir not in flight; initializing
192 silly addNameRange number 2 { name: 'express', range: '>=4.16.3 <5.0.0', hasData: true }
193 silly addNameRange versions [ 'express',
193 silly addNameRange   [ '0.14.0',
193 silly addNameRange     '0.14.1',
193 silly addNameRange     '1.0.0',
193 silly addNameRange     '1.0.1',
193 silly addNameRange     '1.0.2',
193 silly addNameRange     '1.0.3',
193 silly addNameRange     '1.0.4',
193 silly addNameRange     '1.0.5',
193 silly addNameRange     '1.0.6',
193 silly addNameRange     '1.0.7',
193 silly addNameRange     '1.0.8',
193 silly addNameRange     '2.0.0',
193 silly addNameRange     '2.1.0',
193 silly addNameRange     '2.1.1',
193 silly addNameRange     '2.2.0',
193 silly addNameRange     '2.2.1',
193 silly addNameRange     '2.2.2',
193 silly addNameRange     '2.3.0',
193 silly addNameRange     '2.3.1',
193 silly addNameRange     '2.3.2',
193 silly addNameRange     '2.3.3',
193 silly addNameRange     '2.3.4',
193 silly addNameRange     '2.3.5',
193 silly addNameRange     '2.3.6',
193 silly addNameRange     '2.3.7',
193 silly addNameRange     '2.3.8',
193 silly addNameRange     '2.3.9',
193 silly addNameRange     '2.3.10',
193 silly addNameRange     '2.3.11',
193 silly addNameRange     '2.3.12',
193 silly addNameRange     '2.4.0',
193 silly addNameRange     '2.4.1',
193 silly addNameRange     '2.4.2',
193 silly addNameRange     '2.4.3',
193 silly addNameRange     '2.4.4',
193 silly addNameRange     '2.4.5',
193 silly addNameRange     '2.4.6',
193 silly addNameRange     '2.4.7',
193 silly addNameRange     '2.5.0',
193 silly addNameRange     '2.5.1',
193 silly addNameRange     '2.5.2',
193 silly addNameRange     '2.5.3',
193 silly addNameRange     '2.5.4',
193 silly addNameRange     '2.5.5',
193 silly addNameRange     '2.5.6',
193 silly addNameRange     '2.5.7',
193 silly addNameRange     '2.5.8',
193 silly addNameRange     '2.5.9',
193 silly addNameRange     '2.5.10',
193 silly addNameRange     '2.5.11',
193 silly addNameRange     '3.0.0',
193 silly addNameRange     '3.0.1',
193 silly addNameRange     '3.0.2',
193 silly addNameRange     '3.0.3',
193 silly addNameRange     '3.0.4',
193 silly addNameRange     '3.0.5',
193 silly addNameRange     '3.0.6',
193 silly addNameRange     '3.1.0',
193 silly addNameRange     '3.1.1',
193 silly addNameRange     '3.1.2',
193 silly addNameRange     '3.2.0',
193 silly addNameRange     '3.2.1',
193 silly addNameRange     '3.2.2',
193 silly addNameRange     '3.2.3',
193 silly addNameRange     '3.2.4',
193 silly addNameRange     '3.2.5',
193 silly addNameRange     '3.2.6',
193 silly addNameRange     '3.3.0',
193 silly addNameRange     '3.3.1',
193 silly addNameRange     '3.3.2',
193 silly addNameRange     '3.3.3',
193 silly addNameRange     '3.3.4',
193 silly addNameRange     '3.3.5',
193 silly addNameRange     '3.3.6',
193 silly addNameRange     '1.0.0-beta',
193 silly addNameRange     '1.0.0-beta2',
193 silly addNameRange     '1.0.0-rc',
193 silly addNameRange     '1.0.0-rc2',
193 silly addNameRange     '1.0.0-rc3',
193 silly addNameRange     '1.0.0-rc4',
193 silly addNameRange     '2.0.0-beta',
193 silly addNameRange     '2.0.0-beta2',
193 silly addNameRange     '2.0.0-beta3',
193 silly addNameRange     '2.0.0-rc',
193 silly addNameRange     '2.0.0-rc2',
193 silly addNameRange     '2.0.0-rc3',
193 silly addNameRange     '3.0.0-alpha1',
193 silly addNameRange     '3.0.0-alpha2',
193 silly addNameRange     '3.0.0-alpha3',
193 silly addNameRange     '3.0.0-alpha4',
193 silly addNameRange     '3.0.0-alpha5',
193 silly addNameRange     '3.0.0-beta1',
193 silly addNameRange     '3.0.0-beta2',
193 silly addNameRange     '3.0.0-beta3',
193 silly addNameRange     '3.0.0-beta4',
193 silly addNameRange     '3.0.0-beta6',
193 silly addNameRange     '3.0.0-beta7',
193 silly addNameRange     '3.0.0-rc1',
193 silly addNameRange     '3.0.0-rc2',
193 silly addNameRange     '3.0.0-rc3',
193 silly addNameRange     '3.0.0-rc4',
193 silly addNameRange     '3.0.0-rc5',
193 silly addNameRange     '3.3.7',
193 silly addNameRange     '3.3.8',
193 silly addNameRange     '3.4.0',
193 silly addNameRange     '3.4.1',
193 silly addNameRange     '3.4.2',
193 silly addNameRange     '3.4.3',
193 silly addNameRange     '3.4.4',
193 silly addNameRange     '3.4.5',
193 silly addNameRange     '3.4.6',
193 silly addNameRange     '3.4.7',
193 silly addNameRange     '3.4.8',
193 silly addNameRange     '4.0.0-rc1',
193 silly addNameRange     '4.0.0-rc2',
193 silly addNameRange     '3.5.0',
193 silly addNameRange     '4.0.0-rc3',
193 silly addNameRange     '4.0.0-rc4',
193 silly addNameRange     '3.5.1',
193 silly addNameRange     '4.0.0',
193 silly addNameRange     '3.5.2',
193 silly addNameRange     '4.1.0',
193 silly addNameRange     '4.1.1',
193 silly addNameRange     '3.5.3',
193 silly addNameRange     '4.1.2',
193 silly addNameRange     '3.6.0',
193 silly addNameRange     '4.2.0',
193 silly addNameRange     '3.7.0',
193 silly addNameRange     '3.8.0',
193 silly addNameRange     '4.3.0',
193 silly addNameRange     '4.3.1',
193 silly addNameRange     '3.8.1',
193 silly addNameRange     '4.3.2',
193 silly addNameRange     '3.9.0',
193 silly addNameRange     '4.4.0',
193 silly addNameRange     '4.4.1',
193 silly addNameRange     '3.10.0',
193 silly addNameRange     '3.10.1',
193 silly addNameRange     '3.10.2',
193 silly addNameRange     '3.10.3',
193 silly addNameRange     '3.10.4',
193 silly addNameRange     '4.4.2',
193 silly addNameRange     '3.10.5',
193 silly addNameRange     '4.4.3',
193 silly addNameRange     '3.11.0',
193 silly addNameRange     '4.4.4',
193 silly addNameRange     '3.12.0',
193 silly addNameRange     '3.12.1',
193 silly addNameRange     '4.4.5',
193 silly addNameRange     '3.13.0',
193 silly addNameRange     '4.5.0',
193 silly addNameRange     '4.5.1',
193 silly addNameRange     '3.14.0',
193 silly addNameRange     '4.6.0',
193 silly addNameRange     '4.6.1',
193 silly addNameRange     '3.15.0',
193 silly addNameRange     '4.7.0',
193 silly addNameRange     '3.15.1',
193 silly addNameRange     '4.7.1',
193 silly addNameRange     '3.15.2',
193 silly addNameRange     '4.7.2',
193 silly addNameRange     '4.7.3',
193 silly addNameRange     '3.15.3',
193 silly addNameRange     '4.7.4',
193 silly addNameRange     '3.16.0',
193 silly addNameRange     '4.8.0',
193 silly addNameRange     '3.16.1',
193 silly addNameRange     '4.8.1',
193 silly addNameRange     '3.16.2',
193 silly addNameRange     '4.8.2',
193 silly addNameRange     '3.16.3',
193 silly addNameRange     '3.16.4',
193 silly addNameRange     '4.8.3',
193 silly addNameRange     '3.16.5',
193 silly addNameRange     '3.16.6',
193 silly addNameRange     '4.8.4',
193 silly addNameRange     '3.16.7',
193 silly addNameRange     '4.8.5',
193 silly addNameRange     '3.16.8',
193 silly addNameRange     '4.8.6',
193 silly addNameRange     '3.16.9',
193 silly addNameRange     '4.8.7',
193 silly addNameRange     '3.16.10',
193 silly addNameRange     '4.8.8',
193 silly addNameRange     '3.17.0',
193 silly addNameRange     '3.17.1',
193 silly addNameRange     '4.9.0',
193 silly addNameRange     '3.17.2',
193 silly addNameRange     '4.9.1',
193 silly addNameRange     '4.9.2',
193 silly addNameRange     '3.17.3',
193 silly addNameRange     '4.9.3',
193 silly addNameRange     '3.17.4',
193 silly addNameRange     '4.9.4',
193 silly addNameRange     '3.17.5',
193 silly addNameRange     '4.9.5',
193 silly addNameRange     '3.17.6',
193 silly addNameRange     '3.17.7',
193 silly addNameRange     '4.9.6',
193 silly addNameRange     '4.9.7',
193 silly addNameRange     '3.17.8',
193 silly addNameRange     '4.9.8',
193 silly addNameRange     '3.18.0',
193 silly addNameRange     '3.18.1',
193 silly addNameRange     '4.10.0',
193 silly addNameRange     '3.18.2',
193 silly addNameRange     '4.10.1',
193 silly addNameRange     '5.0.0-alpha.1',
193 silly addNameRange     '3.18.3',
193 silly addNameRange     '4.10.2',
193 silly addNameRange     '3.18.4',
193 silly addNameRange     '4.10.3',
193 silly addNameRange     '4.10.4',
193 silly addNameRange     '4.10.5',
193 silly addNameRange     '3.18.5',
193 silly addNameRange     '3.18.6',
193 silly addNameRange     '4.10.6',
193 silly addNameRange     '4.10.7',
193 silly addNameRange     '3.19.0',
193 silly addNameRange     '4.10.8',
193 silly addNameRange     '4.11.0',
193 silly addNameRange     '3.19.1',
193 silly addNameRange     '4.11.1',
193 silly addNameRange     '3.19.2',
193 silly addNameRange     '4.11.2',
193 silly addNameRange     '3.20.0',
193 silly addNameRange     '4.12.0',
193 silly addNameRange     '3.20.1',
193 silly addNameRange     '4.12.1',
193 silly addNameRange     '4.12.2',
193 silly addNameRange     '3.20.2',
193 silly addNameRange     '4.12.3',
193 silly addNameRange     '3.20.3',
193 silly addNameRange     '4.12.4',
193 silly addNameRange     '3.21.0',
193 silly addNameRange     '4.13.0',
193 silly addNameRange     '3.21.1',
193 silly addNameRange     '4.13.1',
193 silly addNameRange     '5.0.0-alpha.2',
193 silly addNameRange     '3.21.2',
193 silly addNameRange     '4.13.2',
193 silly addNameRange     '4.13.3',
193 silly addNameRange     '4.13.4',
193 silly addNameRange     '4.14.0',
193 silly addNameRange     '4.14.1',
193 silly addNameRange     '5.0.0-alpha.3',
193 silly addNameRange     '4.15.0',
193 silly addNameRange     '5.0.0-alpha.4',
193 silly addNameRange     '4.15.1',
193 silly addNameRange     '4.15.2',
193 silly addNameRange     '5.0.0-alpha.5',
193 silly addNameRange     '4.15.3',
193 silly addNameRange     '4.15.4',
193 silly addNameRange     '4.15.5',
193 silly addNameRange     '5.0.0-alpha.6',
193 silly addNameRange     '4.16.0',
193 silly addNameRange     '4.16.1',
193 silly addNameRange     '4.16.2',
193 silly addNameRange     '4.16.3' ] ]
194 silly addNamed express@4.16.3
195 verbose addNamed "4.16.3" is a plain semver version for express
196 silly addNameRange number 2 { name: 'pg-hstore', range: '>=2.3.2 <3.0.0', hasData: true }
197 silly addNameRange versions [ 'pg-hstore',
197 silly addNameRange   [ '1.0.0',
197 silly addNameRange     '1.0.1',
197 silly addNameRange     '1.0.2',
197 silly addNameRange     '1.0.3',
197 silly addNameRange     '1.0.4',
197 silly addNameRange     '1.1.0',
197 silly addNameRange     '2.0.0',
197 silly addNameRange     '2.1.0',
197 silly addNameRange     '2.1.1',
197 silly addNameRange     '2.1.2',
197 silly addNameRange     '2.2.0',
197 silly addNameRange     '2.3.0',
197 silly addNameRange     '2.3.1',
197 silly addNameRange     '2.3.2' ] ]
198 silly addNamed pg-hstore@2.3.2
199 verbose addNamed "2.3.2" is a plain semver version for pg-hstore
200 silly cache afterAdd body-parser@1.18.3
201 verbose afterAdd /home/ammc/.npm/body-parser/1.18.3/package/package.json not in flight; writing
202 verbose correctMkdir /home/ammc/.npm correctMkdir not in flight; initializing
203 silly cache afterAdd sequelize@4.37.10
204 verbose afterAdd /home/ammc/.npm/sequelize/4.37.10/package/package.json not in flight; writing
205 verbose correctMkdir /home/ammc/.npm correctMkdir not in flight; initializing
206 silly cache afterAdd morgan@1.9.0
207 verbose afterAdd /home/ammc/.npm/morgan/1.9.0/package/package.json not in flight; writing
208 verbose correctMkdir /home/ammc/.npm correctMkdir not in flight; initializing
209 silly cache afterAdd express@4.16.3
210 verbose afterAdd /home/ammc/.npm/express/4.16.3/package/package.json not in flight; writing
211 verbose correctMkdir /home/ammc/.npm correctMkdir not in flight; initializing
212 silly cache afterAdd pg-hstore@2.3.2
213 verbose afterAdd /home/ammc/.npm/pg-hstore/2.3.2/package/package.json not in flight; writing
214 verbose correctMkdir /home/ammc/.npm correctMkdir not in flight; initializing
215 silly addNameRange number 2 { name: 'nodemon', range: '>=1.17.5 <2.0.0', hasData: true }
216 silly addNameRange versions [ 'nodemon',
216 silly addNameRange   [ '0.1.4',
216 silly addNameRange     '0.1.5',
216 silly addNameRange     '0.1.6',
216 silly addNameRange     '0.1.7',
216 silly addNameRange     '0.1.8',
216 silly addNameRange     '0.2.0',
216 silly addNameRange     '0.2.1',
216 silly addNameRange     '0.2.2',
216 silly addNameRange     '0.3.0',
216 silly addNameRange     '0.3.1',
216 silly addNameRange     '0.3.2',
216 silly addNameRange     '0.4.0',
216 silly addNameRange     '0.4.1',
216 silly addNameRange     '0.5.0',
216 silly addNameRange     '0.5.1',
216 silly addNameRange     '0.5.2',
216 silly addNameRange     '0.5.3',
216 silly addNameRange     '0.5.4',
216 silly addNameRange     '0.5.5',
216 silly addNameRange     '0.5.6',
216 silly addNameRange     '0.5.7',
216 silly addNameRange     '0.6.0',
216 silly addNameRange     '0.6.1',
216 silly addNameRange     '0.6.2',
216 silly addNameRange     '0.6.3',
216 silly addNameRange     '0.6.4',
216 silly addNameRange     '0.6.5',
216 silly addNameRange     '0.6.6',
216 silly addNameRange     '0.6.7',
216 silly addNameRange     '0.6.8',
216 silly addNameRange     '0.6.9',
216 silly addNameRange     '0.6.10',
216 silly addNameRange     '0.6.11',
216 silly addNameRange     '0.6.12',
216 silly addNameRange     '0.6.13',
216 silly addNameRange     '0.6.14',
216 silly addNameRange     '0.6.15',
216 silly addNameRange     '0.6.16',
216 silly addNameRange     '0.6.17',
216 silly addNameRange     '0.6.18',
216 silly addNameRange     '0.6.19',
216 silly addNameRange     '0.6.20',
216 silly addNameRange     '0.6.21',
216 silly addNameRange     '0.6.22',
216 silly addNameRange     '0.6.23',
216 silly addNameRange     '0.7.0',
216 silly addNameRange     '0.7.1',
216 silly addNameRange     '0.7.2',
216 silly addNameRange     '0.7.3',
216 silly addNameRange     '0.7.4',
216 silly addNameRange     '0.7.5',
216 silly addNameRange     '0.7.6',
216 silly addNameRange     '0.7.7',
216 silly addNameRange     '0.7.8',
216 silly addNameRange     '0.7.10',
216 silly addNameRange     '0.9.0',
216 silly addNameRange     '0.9.1',
216 silly addNameRange     '0.9.2',
216 silly addNameRange     '0.9.3',
216 silly addNameRange     '0.9.5',
216 silly addNameRange     '0.9.6',
216 silly addNameRange     '0.9.7',
216 silly addNameRange     '0.9.10',
216 silly addNameRange     '0.9.11',
216 silly addNameRange     '0.9.12',
216 silly addNameRange     '0.9.14',
216 silly addNameRange     '0.9.16',
216 silly addNameRange     '0.9.17',
216 silly addNameRange     '1.0.0',
216 silly addNameRange     '1.0.1',
216 silly addNameRange     '1.0.2',
216 silly addNameRange     '1.0.2-rc',
216 silly addNameRange     '0.6.10-a',
216 silly addNameRange     '1.0.2-rc3',
216 silly addNameRange     '1.0.2-rc4',
216 silly addNameRange     '1.0.3',
216 silly addNameRange     '1.0.4',
216 silly addNameRange     '1.0.5',
216 silly addNameRange     '1.0.6',
216 silly addNameRange     '1.0.7',
216 silly addNameRange     '1.0.8',
216 silly addNameRange     '1.0.9',
216 silly addNameRange     '1.0.10',
216 silly addNameRange     '1.0.11',
216 silly addNameRange     '1.0.12',
216 silly addNameRange     '1.0.13',
216 silly addNameRange     '1.0.14',
216 silly addNameRange     '1.0.15',
216 silly addNameRange     '1.0.16',
216 silly addNameRange     '1.0.17-rc1',
216 silly addNameRange     '1.0.17-rc2',
216 silly addNameRange     '1.0.17',
216 silly addNameRange     '1.0.18',
216 silly addNameRange     '1.0.19',
216 silly addNameRange     '1.0.20',
216 silly addNameRange     '1.1.0-alpha',
216 silly addNameRange     '1.1.0',
216 silly addNameRange     '1.1.1',
216 silly addNameRange     '1.2.0',
216 silly addNameRange     '1.2.1',
216 silly addNameRange     '1.3.0-0',
216 silly addNameRange     '1.3.0-1',
216 silly addNameRange     '1.3.0-2',
216 silly addNameRange     '1.3.0-3',
216 silly addNameRange     '1.3.0-4',
216 silly addNameRange     '1.3.0-5',
216 silly addNameRange     '1.3.0-6',
216 silly addNameRange     '1.3.0-7',
216 silly addNameRange     '1.3.0',
216 silly addNameRange     '1.3.1',
216 silly addNameRange     '1.3.2',
216 silly addNameRange     '1.3.3',
216 silly addNameRange     '1.3.5',
216 silly addNameRange     '1.3.6',
216 silly addNameRange     '1.3.7',
216 silly addNameRange     '1.3.8',
216 silly addNameRange     '1.4.0',
216 silly addNameRange     '1.4.1',
216 silly addNameRange     '1.5.0-alpha1',
216 silly addNameRange     '1.5.0-alpha2',
216 silly addNameRange     '1.5.0-alpha3',
216 silly addNameRange     '1.5.0-alpha4',
216 silly addNameRange     '1.4.2',
216 silly addNameRange     '1.5.0',
216 silly addNameRange     '1.5.1',
216 silly addNameRange     '1.6.0',
216 silly addNameRange     '1.6.1',
216 silly addNameRange     '1.7.0',
216 silly addNameRange     '1.7.1',
216 silly addNameRange     '1.7.2',
216 silly addNameRange     '1.7.3',
216 silly addNameRange     '1.8.0',
216 silly addNameRange     '1.8.1',
216 silly addNameRange     '1.9.0',
216 silly addNameRange     '1.9.1',
216 silly addNameRange     '1.9.2',
216 silly addNameRange     '1.10.0',
216 silly addNameRange     '1.10.1',
216 silly addNameRange     '1.10.2',
216 silly addNameRange     '1.11.0',
216 silly addNameRange     '1.11.1',
216 silly addNameRange     '1.12.0',
216 silly addNameRange     '1.12.1',
216 silly addNameRange     '1.12.2',
216 silly addNameRange     '1.12.3',
216 silly addNameRange     '1.12.4',
216 silly addNameRange     '1.12.5',
216 silly addNameRange     '1.12.6',
216 silly addNameRange     '1.12.7',
216 silly addNameRange     '1.13.0',
216 silly addNameRange     '1.13.1',
216 silly addNameRange     '1.13.2',
216 silly addNameRange     '1.13.3',
216 silly addNameRange     '1.14.0',
216 silly addNameRange     '1.14.1',
216 silly addNameRange     '1.14.2',
216 silly addNameRange     '1.14.3',
216 silly addNameRange     '1.14.4',
216 silly addNameRange     '1.14.5',
216 silly addNameRange     '1.14.6',
216 silly addNameRange     '1.14.7',
216 silly addNameRange     '1.14.8-alpha.1',
216 silly addNameRange     '1.14.8',
216 silly addNameRange     '1.14.9-alpha.1',
216 silly addNameRange     '1.14.9',
216 silly addNameRange     '1.4.10-alpha.1',
216 silly addNameRange     '1.4.10-alpha.2',
216 silly addNameRange     '1.4.10-alpha.3',
216 silly addNameRange     '1.14.10',
216 silly addNameRange     '1.14.11',
216 silly addNameRange     '1.14.12',
216 silly addNameRange     '1.15.0',
216 silly addNameRange     '1.15.1',
216 silly addNameRange     '1.15.2-alpha.1',
216 silly addNameRange     '1.15.2-alpha.2',
216 silly addNameRange     '1.16.0',
216 silly addNameRange     '1.16.1',
216 silly addNameRange     '1.17.0',
216 silly addNameRange     '1.17.1',
216 silly addNameRange     '1.17.2',
216 silly addNameRange     '1.17.3',
216 silly addNameRange     '1.17.4-alpha.1',
216 silly addNameRange     '1.17.4-alpha.2',
216 silly addNameRange     '1.17.4',
216 silly addNameRange     '1.17.5-alpha.1',
216 silly addNameRange     '1.17.5-alpha.2',
216 silly addNameRange     '1.17.5' ] ]
217 silly addNamed nodemon@1.17.5
218 verbose addNamed "1.17.5" is a plain semver version for nodemon
219 verbose afterAdd /home/ammc/.npm/body-parser/1.18.3/package/package.json written
220 verbose afterAdd /home/ammc/.npm/sequelize/4.37.10/package/package.json written
221 verbose afterAdd /home/ammc/.npm/morgan/1.9.0/package/package.json written
222 verbose afterAdd /home/ammc/.npm/express/4.16.3/package/package.json written
223 verbose afterAdd /home/ammc/.npm/pg-hstore/2.3.2/package/package.json written
224 silly cache afterAdd nodemon@1.17.5
225 verbose afterAdd /home/ammc/.npm/nodemon/1.17.5/package/package.json not in flight; writing
226 verbose correctMkdir /home/ammc/.npm correctMkdir not in flight; initializing
227 verbose afterAdd /home/ammc/.npm/nodemon/1.17.5/package/package.json written
228 verbose stack Error: version not found: pg@6.3.4
228 verbose stack     at setData (/usr/lib/node_modules/npm/lib/cache/add-named.js:137:12)
228 verbose stack     at RES (/usr/lib/node_modules/npm/node_modules/inflight/inflight.js:23:14)
228 verbose stack     at f (/usr/lib/node_modules/npm/node_modules/once/once.js:25:25)
228 verbose stack     at fixName (/usr/lib/node_modules/npm/lib/cache/add-named.js:29:5)
228 verbose stack     at saved (/usr/lib/node_modules/npm/lib/cache/caching-client.js:173:7)
228 verbose stack     at /usr/lib/node_modules/npm/node_modules/graceful-fs/polyfills.js:233:18
228 verbose stack     at FSReqWrap.oncomplete (fs.js:82:15)
229 verbose statusCode 404
230 verbose cwd /home/ammc/seq
231 error Linux 3.13.0-125-generic
232 error argv "/usr/bin/node" "/usr/bin/npm" "install"
233 error node v4.9.1
234 error npm  v2.15.11
235 error version not found: pg@6.3.4
236 error If you need help, you may report this error at:
236 error     <https://github.com/npm/npm/issues>
237 verbose exit [ 1, true ]
